[debug] [2022-06-23T16:42:08.059Z] ----------------------------------------------------------------------
[debug] [2022-06-23T16:42:08.063Z] Command:       C:\Program Files\nodejs\node.exe C:\Users\DELL\AppData\Roaming\npm\node_modules\firebase-tools\lib\bin\firebase.js deploy --only hosting
[debug] [2022-06-23T16:42:08.064Z] CLI Version:   10.9.2
[debug] [2022-06-23T16:42:08.065Z] Platform:      win32
[debug] [2022-06-23T16:42:08.065Z] Node Version:  v16.5.0
[debug] [2022-06-23T16:42:08.066Z] Time:          Thu Jun 23 2022 22:12:08 GMT+0530 (India Standard Time)
[debug] [2022-06-23T16:42:08.067Z] ----------------------------------------------------------------------
[debug] 
[debug] [2022-06-23T16:42:08.248Z] Object ".hosting" in "firebase.json" has unknown property: {"additionalProperty":"build"}
[debug] [2022-06-23T16:42:08.248Z] Field ".hosting" in "firebase.json" is possibly invalid: should be array
[debug] [2022-06-23T16:42:08.248Z] Field ".hosting" in "firebase.json" is possibly invalid: should match some schema in anyOf
[debug] [2022-06-23T16:42:08.256Z] > command requires scopes: ["email","openid","https://www.googleapis.com/auth/cloudplatformprojects.readonly","https://www.googleapis.com/auth/firebase","https://www.googleapis.com/auth/cloud-platform"]
[debug] [2022-06-23T16:42:08.256Z] > authorizing via signed-in user (2019kusum.rohra@ves.ac.in)
[debug] [2022-06-23T16:42:08.256Z] [iam] checking project chat-application-b68ee for permissions ["firebase.projects.get","firebasehosting.sites.update"]
[debug] [2022-06-23T16:42:08.259Z] > refreshing access token with scopes: []
[debug] [2022-06-23T16:42:08.260Z] >>> HTTP REQUEST POST https://www.googleapis.com/oauth2/v3/token  
 <request body omitted>
[debug] [2022-06-23T16:42:19.358Z] [iam] error while checking permissions, command may fail: FirebaseError: Authentication Error: Your credentials are no longer valid. Please run firebase login --reauth

For CI servers and headless environments, generate a new token with firebase login:ci
[debug] [2022-06-23T16:42:19.360Z] > refreshing access token with scopes: []
[debug] [2022-06-23T16:42:19.361Z] >>> HTTP REQUEST POST https://www.googleapis.com/oauth2/v3/token  
 <request body omitted>
[debug] [2022-06-23T16:42:30.448Z] Authentication Error: Your credentials are no longer valid. Please run firebase login --reauth

For CI servers and headless environments, generate a new token with firebase login:ci
[debug] [2022-06-23T16:42:30.469Z] FirebaseError: Authentication Error: Your credentials are no longer valid. Please run firebase login --reauth

For CI servers and headless environments, generate a new token with firebase login:ci
    at invalidCredentialError (C:\Users\DELL\AppData\Roaming\npm\node_modules\firebase-tools\lib\auth.js:145:12)
    at refreshTokens (C:\Users\DELL\AppData\Roaming\npm\node_modules\firebase-tools\lib\auth.js:485:15)
    at processTicksAndRejections (node:internal/process/task_queues:96:5)
    at async Client.getAccessToken (C:\Users\DELL\AppData\Roaming\npm\node_modules\firebase-tools\lib\apiv2.js:147:23)
    at async Client.addAuthHeader (C:\Users\DELL\AppData\Roaming\npm\node_modules\firebase-tools\lib\apiv2.js:138:21)
    at async Client.request (C:\Users\DELL\AppData\Roaming\npm\node_modules\firebase-tools\lib\apiv2.js:94:34)
    at async getFirebaseProject (C:\Users\DELL\AppData\Roaming\npm\node_modules\firebase-tools\lib\management\projects.js:290:21)
    at async getDefaultHostingSite (C:\Users\DELL\AppData\Roaming\npm\node_modules\firebase-tools\lib\getDefaultHostingSite.js:8:21)
    at async requireHostingSite (C:\Users\DELL\AppData\Roaming\npm\node_modules\firebase-tools\lib\requireHostingSite.js:9:18)
    at async Object.fn (C:\Users\DELL\AppData\Roaming\npm\node_modules\firebase-tools\lib\commands\deploy.js:73:9)
    at async C:\Users\DELL\AppData\Roaming\npm\node_modules\firebase-tools\lib\command.js:188:17
[error] 
[error] Error: Failed to get Firebase project chat-application-b68ee. Please make sure the project exists and your account has permission to access it.
